2025-05-12 08:23:53,323 - root - INFO - Loaded ViT-B-32 model config.
2025-05-12 08:24:18,881 - root - INFO - Loading pretrained ViT-B-32 weights (laion2b_s34b_b79k).
2025-05-12 08:24:19,898 - root - INFO - Loaded ViT-B-32 model config.
2025-05-12 08:24:24,339 - root - INFO - Loading pretrained ViT-B-32 weights (laion2b_s34b_b79k).
2025-05-12 09:17:08,366 - root - INFO - Loaded ViT-B-32 model config.
2025-05-12 09:17:09,849 - root - INFO - Loading pretrained ViT-B-32 weights (laion2b_s34b_b79k).
2025-05-12 09:17:10,240 - root - INFO - Loaded ViT-B-32 model config.
2025-05-12 09:17:11,443 - root - INFO - Loading pretrained ViT-B-32 weights (laion2b_s34b_b79k).
2025-05-12 09:21:46,733 - root - INFO - Loaded ViT-B-32 model config.
2025-05-12 09:21:48,275 - root - INFO - Loading pretrained ViT-B-32 weights (laion2b_s34b_b79k).
2025-05-12 09:21:48,683 - root - INFO - Loaded ViT-B-32 model config.
2025-05-12 09:21:49,732 - root - INFO - Loading pretrained ViT-B-32 weights (laion2b_s34b_b79k).
2025-05-12 09:31:28,379 - root - INFO - Loaded ViT-B-32 model config.
2025-05-12 09:31:30,069 - root - INFO - Loading pretrained ViT-B-32 weights (laion2b_s34b_b79k).
2025-05-12 09:31:30,497 - root - INFO - Loaded ViT-B-32 model config.
2025-05-12 09:31:31,767 - root - INFO - Loading pretrained ViT-B-32 weights (laion2b_s34b_b79k).
2025-05-12 09:32:25,526 - root - INFO - Loaded ViT-B-32 model config.
2025-05-12 09:32:27,170 - root - INFO - Loading pretrained ViT-B-32 weights (laion2b_s34b_b79k).
2025-05-12 09:32:27,359 - root - INFO - Loaded ViT-B-32 model config.
2025-05-12 09:32:28,407 - root - INFO - Loading pretrained ViT-B-32 weights (laion2b_s34b_b79k).
2025-05-12 10:25:29,792 - root - INFO - Loaded ViT-B-32 model config.
2025-05-12 10:25:31,719 - root - INFO - Loading pretrained ViT-B-32 weights (laion2b_s34b_b79k).
2025-05-12 10:25:32,297 - root - INFO - Loaded ViT-B-32 model config.
2025-05-12 10:25:33,571 - root - INFO - Loading pretrained ViT-B-32 weights (laion2b_s34b_b79k).
2025-05-12 10:31:26,147 - root - INFO - Loaded ViT-B-32 model config.
2025-05-12 10:31:27,848 - root - INFO - Loading pretrained ViT-B-32 weights (laion2b_s34b_b79k).
2025-05-12 10:31:28,405 - root - INFO - Loaded ViT-B-32 model config.
2025-05-12 10:31:29,700 - root - INFO - Loading pretrained ViT-B-32 weights (laion2b_s34b_b79k).
2025-05-12 10:31:30,140 - cocoop_training - INFO - Loading Flowers102 dataset from ./data
2025-05-12 10:31:50,944 - cocoop_training - INFO - Dataset loaded: 1020 train, 1020 val, 6149 test
2025-05-12 10:31:50,944 - cocoop_training - INFO - Using cuda device
2025-05-12 10:31:50,945 - root - INFO - Loaded ViT-B-32 model config.
2025-05-12 10:31:53,248 - root - INFO - Loading pretrained ViT-B-32 weights (laion2b_s34b_b79k).
2025-05-12 10:31:55,163 - cocoop_training - INFO - Loading Flowers102 dataset from ./data
2025-05-12 10:31:55,202 - cocoop_training - INFO - Dataset loaded: 1020 train, 1020 val, 6149 test
2025-05-12 10:31:55,203 - cocoop_training - INFO - Running initial zero-shot evaluation...
2025-05-12 10:37:15,383 - cocoop_training - INFO - ==== Zero-shot Evaluation Results ====
2025-05-12 10:37:15,389 - cocoop_training - INFO - 🔍 Base classes accuracy: 74.69%
2025-05-12 10:37:15,392 - cocoop_training - INFO - 🔍 Novel classes accuracy: 77.04%
2025-05-12 10:37:15,403 - cocoop_training - INFO - 🔍 Harmonic Mean: 75.85%
2025-05-12 10:37:15,405 - cocoop_training - INFO - Starting CoCoOp training...
2025-05-12 10:37:15,417 - cocoop_training - INFO - ==== Starting CoCoOp Training ====
2025-05-12 10:37:15,421 - cocoop_training - INFO - Config: {'base_model': {'name': 'ViT-B-32', 'weights': 'laion2b_s34b_b79k'}, 'trainer': {'batch_size': 32, 'epochs': 3, 'lr': 0.002, 'weight_decay': 0.05, 'warmup_epochs': 1, 'patience': 5, 'checkpoint_dir': './checkpoints', 'cocoop': {'n_ctx': 16, 'ctx_init': '', 'prec': 'fp16'}}, 'input': {'size': [224, 224]}, 'data': {'data_dir': './data', 'num_workers': 4, 'pin_memory': True}}
2025-05-12 10:37:15,545 - cocoop_training - INFO - Creating models...
2025-05-12 10:37:15,565 - root - INFO - Loaded ViT-B-32 model config.
2025-05-12 10:37:25,937 - root - INFO - Loading pretrained ViT-B-32 weights (laion2b_s34b_b79k).
2025-05-12 10:37:28,863 - root - INFO - Loaded ViT-B-32 model config.
2025-05-12 10:37:31,481 - root - INFO - Loading pretrained ViT-B-32 weights (laion2b_s34b_b79k).
2025-05-12 10:37:35,549 - cocoop_training - INFO - Loading datasets...
2025-05-12 10:37:35,549 - cocoop_training - INFO - Loading Flowers102 dataset from ./data
2025-05-12 10:37:35,650 - cocoop_training - INFO - Dataset loaded: 1020 train, 1020 val, 6149 test
2025-05-12 10:37:35,655 - cocoop_training - INFO - Creating dataloaders...
2025-05-12 10:37:35,657 - cocoop_training - ERROR - Error in main execution: name 'create_data_loaders' is not defined
2025-05-12 10:37:35,658 - cocoop_training - INFO - Finishing wandb run...
2025-05-12 10:47:02,353 - root - INFO - Loaded ViT-B-32 model config.
2025-05-12 10:47:27,212 - root - INFO - Loading pretrained ViT-B-32 weights (laion2b_s34b_b79k).
2025-05-12 10:47:29,752 - root - INFO - Loaded ViT-B-32 model config.
2025-05-12 10:47:35,631 - root - INFO - Loading pretrained ViT-B-32 weights (laion2b_s34b_b79k).
2025-05-12 10:48:30,942 - root - INFO - Loaded ViT-B-32 model config.
2025-05-12 10:48:51,775 - root - INFO - Loading pretrained ViT-B-32 weights (laion2b_s34b_b79k).
2025-05-12 10:48:57,236 - root - INFO - Loaded ViT-B-32 model config.
2025-05-12 10:49:04,516 - root - INFO - Loading pretrained ViT-B-32 weights (laion2b_s34b_b79k).
2025-05-12 10:49:11,016 - cocoop_training - INFO - Loading Flowers102 dataset from ./data
2025-05-12 10:49:11,151 - cocoop_training - INFO - Dataset loaded: 1020 train, 1020 val, 6149 test
2025-05-12 10:49:11,152 - cocoop_training - INFO - Using cuda device
2025-05-12 10:49:11,153 - root - INFO - Loaded ViT-B-32 model config.
2025-05-12 10:49:17,338 - root - INFO - Loading pretrained ViT-B-32 weights (laion2b_s34b_b79k).
2025-05-12 10:49:20,652 - cocoop_training - INFO - Loading Flowers102 dataset from ./data
2025-05-12 10:49:20,730 - cocoop_training - INFO - Dataset loaded: 1020 train, 1020 val, 6149 test
2025-05-12 10:49:20,733 - cocoop_training - INFO - Running initial zero-shot evaluation...
2025-05-12 10:54:25,213 - cocoop_training - INFO - ==== Zero-shot Evaluation Results ====
2025-05-12 10:54:25,213 - cocoop_training - INFO - 🔍 Base classes accuracy: 74.69%
2025-05-12 10:54:25,213 - cocoop_training - INFO - 🔍 Novel classes accuracy: 77.04%
2025-05-12 10:54:25,214 - cocoop_training - INFO - 🔍 Harmonic Mean: 75.85%
2025-05-12 10:54:25,214 - cocoop_training - INFO - Starting CoCoOp training...
2025-05-12 10:54:25,214 - cocoop_training - INFO - ==== Starting CoCoOp Training ====
2025-05-12 10:54:25,214 - cocoop_training - INFO - Config: {'base_model': {'name': 'ViT-B-32', 'weights': 'laion2b_s34b_b79k'}, 'trainer': {'batch_size': 32, 'epochs': 3, 'lr': 0.002, 'weight_decay': 0.05, 'warmup_epochs': 1, 'patience': 5, 'checkpoint_dir': './checkpoints', 'cocoop': {'n_ctx': 16, 'ctx_init': '', 'prec': 'fp16'}}, 'input': {'size': [224, 224]}, 'data': {'data_dir': './data', 'num_workers': 4, 'pin_memory': True}}
2025-05-12 10:54:25,216 - cocoop_training - INFO - Creating models...
2025-05-12 10:54:25,216 - root - INFO - Loaded ViT-B-32 model config.
2025-05-12 10:54:27,351 - root - INFO - Loading pretrained ViT-B-32 weights (laion2b_s34b_b79k).
2025-05-12 10:54:30,647 - root - INFO - Loaded ViT-B-32 model config.
2025-05-12 10:54:32,136 - root - INFO - Loading pretrained ViT-B-32 weights (laion2b_s34b_b79k).
2025-05-12 10:54:32,416 - cocoop_training - INFO - Loading datasets...
2025-05-12 10:54:32,417 - cocoop_training - INFO - Loading Flowers102 dataset from ./data
2025-05-12 10:54:32,442 - cocoop_training - INFO - Dataset loaded: 1020 train, 1020 val, 6149 test
2025-05-12 10:54:32,447 - cocoop_training - INFO - Creating dataloaders...
2025-05-12 10:54:32,448 - cocoop_training - ERROR - Error in main execution: name 'create_data_loaders' is not defined
2025-05-12 10:54:32,448 - cocoop_training - INFO - Finishing wandb run...
2025-05-12 12:03:57,489 - root - INFO - Loaded ViT-B-32 model config.
2025-05-12 12:04:00,463 - root - INFO - Loading pretrained ViT-B-32 weights (laion2b_s34b_b79k).
2025-05-12 12:04:01,746 - root - INFO - Loaded ViT-B-32 model config.
2025-05-12 12:04:03,972 - root - INFO - Loading pretrained ViT-B-32 weights (laion2b_s34b_b79k).
2025-05-12 12:04:04,688 - cocoop_training - INFO - Loading Flowers102 dataset from ./data
2025-05-12 12:04:04,780 - cocoop_training - INFO - Dataset loaded: 1020 train, 1020 val, 6149 test
2025-05-12 12:04:04,782 - cocoop_training - INFO - Using cuda device
2025-05-12 12:04:04,782 - root - INFO - Loaded ViT-B-32 model config.
2025-05-12 12:04:06,853 - root - INFO - Loading pretrained ViT-B-32 weights (laion2b_s34b_b79k).
2025-05-12 12:04:07,257 - cocoop_training - INFO - Loading Flowers102 dataset from ./data
2025-05-12 12:04:07,287 - cocoop_training - INFO - Dataset loaded: 1020 train, 1020 val, 6149 test
2025-05-12 12:04:07,287 - cocoop_training - INFO - Running initial zero-shot evaluation...
2025-05-12 12:07:14,795 - cocoop_training - INFO - ==== Zero-shot Evaluation Results ====
2025-05-12 12:07:14,796 - cocoop_training - INFO - 🔍 Base classes accuracy: 74.69%
2025-05-12 12:07:14,796 - cocoop_training - INFO - 🔍 Novel classes accuracy: 77.04%
2025-05-12 12:07:14,797 - cocoop_training - INFO - 🔍 Harmonic Mean: 75.85%
2025-05-12 12:07:14,797 - cocoop_training - INFO - Starting CoCoOp training...
2025-05-12 12:07:14,797 - cocoop_training - INFO - ==== Starting CoCoOp Training ====
2025-05-12 12:07:14,798 - cocoop_training - INFO - Config: {'base_model': {'name': 'ViT-B-32', 'weights': 'laion2b_s34b_b79k'}, 'trainer': {'batch_size': 32, 'epochs': 3, 'lr': 0.002, 'weight_decay': 0.05, 'warmup_epochs': 1, 'patience': 5, 'checkpoint_dir': './checkpoints', 'cocoop': {'n_ctx': 16, 'ctx_init': '', 'prec': 'fp16'}}, 'input': {'size': [224, 224]}, 'data': {'data_dir': './data', 'num_workers': 4, 'pin_memory': True}}
2025-05-12 12:07:14,800 - cocoop_training - INFO - Creating models...
2025-05-12 12:07:14,801 - root - INFO - Loaded ViT-B-32 model config.
2025-05-12 12:07:16,411 - root - INFO - Loading pretrained ViT-B-32 weights (laion2b_s34b_b79k).
2025-05-12 12:07:16,848 - root - INFO - Loaded ViT-B-32 model config.
2025-05-12 12:07:18,432 - root - INFO - Loading pretrained ViT-B-32 weights (laion2b_s34b_b79k).
2025-05-12 12:07:18,830 - cocoop_training - INFO - Loading datasets...
2025-05-12 12:07:18,831 - cocoop_training - INFO - Loading Flowers102 dataset from ./data
2025-05-12 12:07:18,867 - cocoop_training - INFO - Dataset loaded: 1020 train, 1020 val, 6149 test
2025-05-12 12:07:18,874 - cocoop_training - INFO - Creating dataloaders...
2025-05-12 12:07:18,875 - cocoop_training - ERROR - Error in main execution: name 'create_data_loaders' is not defined
2025-05-12 12:07:18,875 - cocoop_training - INFO - Finishing wandb run...
2025-05-12 12:24:28,043 - root - INFO - Loaded ViT-B-32 model config.
2025-05-12 12:24:29,627 - root - INFO - Loading pretrained ViT-B-32 weights (laion2b_s34b_b79k).
2025-05-12 12:24:30,079 - root - INFO - Loaded ViT-B-32 model config.
2025-05-12 12:24:31,074 - root - INFO - Loading pretrained ViT-B-32 weights (laion2b_s34b_b79k).
2025-05-12 12:24:31,364 - cocoop_training - INFO - Loading Flowers102 dataset from ./data
2025-05-12 12:24:31,399 - cocoop_training - INFO - Dataset loaded: 1020 train, 1020 val, 6149 test
2025-05-12 12:24:31,400 - cocoop_training - INFO - Using cuda device
2025-05-12 12:24:31,400 - root - INFO - Loaded ViT-B-32 model config.
2025-05-12 12:24:32,309 - root - INFO - Loading pretrained ViT-B-32 weights (laion2b_s34b_b79k).
2025-05-12 12:24:32,496 - cocoop_training - INFO - Loading Flowers102 dataset from ./data
2025-05-12 12:24:32,511 - cocoop_training - INFO - Dataset loaded: 1020 train, 1020 val, 6149 test
2025-05-12 12:24:32,511 - cocoop_training - INFO - Running initial zero-shot evaluation...
2025-05-12 12:26:58,770 - cocoop_training - INFO - ==== Zero-shot Evaluation Results ====
2025-05-12 12:26:58,771 - cocoop_training - INFO - 🔍 Base classes accuracy: 74.69%
2025-05-12 12:26:58,771 - cocoop_training - INFO - 🔍 Novel classes accuracy: 77.04%
2025-05-12 12:26:58,772 - cocoop_training - INFO - 🔍 Harmonic Mean: 75.85%
2025-05-12 12:26:58,772 - cocoop_training - INFO - Starting CoCoOp training...
2025-05-12 12:26:58,772 - cocoop_training - INFO - ==== Starting CoCoOp Training ====
2025-05-12 12:26:58,772 - cocoop_training - INFO - Config: {'base_model': {'name': 'ViT-B-32', 'weights': 'laion2b_s34b_b79k'}, 'trainer': {'batch_size': 32, 'epochs': 3, 'lr': 0.002, 'weight_decay': 0.05, 'warmup_epochs': 1, 'patience': 5, 'checkpoint_dir': './checkpoints', 'cocoop': {'n_ctx': 16, 'ctx_init': '', 'prec': 'fp16'}}, 'input': {'size': [224, 224]}, 'data': {'data_dir': './data', 'num_workers': 4, 'pin_memory': True}}
2025-05-12 12:26:58,774 - cocoop_training - INFO - Creating models...
2025-05-12 12:26:58,775 - root - INFO - Loaded ViT-B-32 model config.
2025-05-12 12:27:00,499 - root - INFO - Loading pretrained ViT-B-32 weights (laion2b_s34b_b79k).
2025-05-12 12:27:00,884 - root - INFO - Loaded ViT-B-32 model config.
2025-05-12 12:27:02,467 - root - INFO - Loading pretrained ViT-B-32 weights (laion2b_s34b_b79k).
2025-05-12 12:27:02,723 - cocoop_training - INFO - Loading datasets...
2025-05-12 12:27:02,724 - cocoop_training - INFO - Loading Flowers102 dataset from ./data
2025-05-12 12:27:02,748 - cocoop_training - INFO - Dataset loaded: 1020 train, 1020 val, 6149 test
2025-05-12 12:27:02,753 - cocoop_training - INFO - Creating dataloaders...
2025-05-12 12:27:02,753 - cocoop_training - ERROR - Error in main execution: name 'create_data_loaders' is not defined
2025-05-12 12:27:02,754 - cocoop_training - INFO - Finishing wandb run...
2025-05-12 13:53:04,943 - root - INFO - Loaded ViT-B-32 model config.
2025-05-12 13:53:06,333 - root - INFO - Loading pretrained ViT-B-32 weights (laion2b_s34b_b79k).
2025-05-12 13:53:06,749 - root - INFO - Loaded ViT-B-32 model config.
2025-05-12 13:53:07,852 - root - INFO - Loading pretrained ViT-B-32 weights (laion2b_s34b_b79k).
2025-05-12 13:53:08,139 - cocoop_training - INFO - Loading Flowers102 dataset from ./data
2025-05-12 13:53:08,177 - cocoop_training - INFO - Dataset loaded: 1020 train, 1020 val, 6149 test
2025-05-12 13:53:08,178 - cocoop_training - INFO - Using cuda device
2025-05-12 13:53:08,178 - root - INFO - Loaded ViT-B-32 model config.
2025-05-12 13:53:09,109 - root - INFO - Loading pretrained ViT-B-32 weights (laion2b_s34b_b79k).
2025-05-12 13:53:09,286 - cocoop_training - INFO - Loading Flowers102 dataset from ./data
2025-05-12 13:53:09,299 - cocoop_training - INFO - Dataset loaded: 1020 train, 1020 val, 6149 test
2025-05-12 13:53:09,299 - cocoop_training - INFO - Running initial zero-shot evaluation...
2025-05-12 13:56:17,327 - cocoop_training - INFO - ==== Zero-shot Evaluation Results ====
2025-05-12 13:56:17,328 - cocoop_training - INFO - 🔍 Base classes accuracy: 74.69%
2025-05-12 13:56:17,328 - cocoop_training - INFO - 🔍 Novel classes accuracy: 77.04%
2025-05-12 13:56:17,328 - cocoop_training - INFO - 🔍 Harmonic Mean: 75.85%
2025-05-12 13:56:17,328 - cocoop_training - INFO - Starting CoCoOp training...
2025-05-12 13:56:17,328 - cocoop_training - INFO - ==== Starting CoCoOp Training ====
2025-05-12 13:56:17,328 - cocoop_training - INFO - Config: {'base_model': {'name': 'ViT-B-32', 'weights': 'laion2b_s34b_b79k'}, 'trainer': {'batch_size': 32, 'epochs': 3, 'lr': 0.002, 'weight_decay': 0.05, 'warmup_epochs': 1, 'patience': 5, 'checkpoint_dir': './checkpoints', 'cocoop': {'n_ctx': 16, 'ctx_init': '', 'prec': 'fp16'}}, 'input': {'size': [224, 224]}, 'data': {'data_dir': './data', 'num_workers': 4, 'pin_memory': True}}
2025-05-12 13:56:17,330 - cocoop_training - INFO - Creating models...
2025-05-12 13:56:17,331 - root - INFO - Loaded ViT-B-32 model config.
2025-05-12 13:56:18,848 - root - INFO - Loading pretrained ViT-B-32 weights (laion2b_s34b_b79k).
2025-05-12 13:56:19,201 - root - INFO - Loaded ViT-B-32 model config.
2025-05-12 13:56:24,803 - root - INFO - Loading pretrained ViT-B-32 weights (laion2b_s34b_b79k).
2025-05-12 13:56:25,233 - cocoop_training - INFO - Loading datasets...
2025-05-12 13:56:25,234 - cocoop_training - INFO - Loading Flowers102 dataset from ./data
2025-05-12 13:56:25,279 - cocoop_training - INFO - Dataset loaded: 1020 train, 1020 val, 6149 test
2025-05-12 13:56:25,287 - cocoop_training - INFO - Creating dataloaders...
2025-05-12 13:56:25,288 - cocoop_training - ERROR - Error in main execution: name 'create_data_loaders' is not defined
2025-05-12 13:56:25,288 - cocoop_training - INFO - Finishing wandb run...
2025-05-12 16:33:36,755 - root - INFO - Loaded ViT-B-32 model config.
2025-05-12 16:33:38,868 - root - INFO - Loading pretrained ViT-B-32 weights (laion2b_s34b_b79k).
2025-05-12 16:33:39,528 - root - INFO - Loaded ViT-B-32 model config.
2025-05-12 16:33:40,709 - root - INFO - Loading pretrained ViT-B-32 weights (laion2b_s34b_b79k).
2025-05-12 16:33:41,009 - cocoop_training - INFO - Loading Flowers102 dataset from ./data
2025-05-12 16:33:41,048 - cocoop_training - INFO - Dataset loaded: 1020 train, 1020 val, 6149 test
2025-05-12 16:33:41,049 - cocoop_training - INFO - Using cuda device
2025-05-12 16:33:41,049 - root - INFO - Loaded ViT-B-32 model config.
2025-05-12 16:33:42,091 - root - INFO - Loading pretrained ViT-B-32 weights (laion2b_s34b_b79k).
2025-05-12 16:33:42,276 - cocoop_training - INFO - Loading Flowers102 dataset from ./data
2025-05-12 16:33:42,290 - cocoop_training - INFO - Dataset loaded: 1020 train, 1020 val, 6149 test
2025-05-12 16:33:42,291 - cocoop_training - INFO - Running initial zero-shot evaluation...
2025-05-12 16:36:42,434 - cocoop_training - INFO - ==== Zero-shot Evaluation Results ====
2025-05-12 16:36:42,434 - cocoop_training - INFO - 🔍 Base classes accuracy: 74.69%
2025-05-12 16:36:42,435 - cocoop_training - INFO - 🔍 Novel classes accuracy: 77.04%
2025-05-12 16:36:42,435 - cocoop_training - INFO - 🔍 Harmonic Mean: 75.85%
2025-05-12 16:36:42,435 - cocoop_training - INFO - Starting CoCoOp training...
2025-05-12 16:36:42,435 - cocoop_training - INFO - ==== Starting CoCoOp Training ====
2025-05-12 16:36:42,435 - cocoop_training - INFO - Config: {'base_model': {'name': 'ViT-B-32', 'weights': 'laion2b_s34b_b79k'}, 'trainer': {'batch_size': 32, 'epochs': 3, 'lr': 0.002, 'weight_decay': 0.05, 'warmup_epochs': 1, 'patience': 5, 'checkpoint_dir': './checkpoints', 'cocoop': {'n_ctx': 16, 'ctx_init': '', 'prec': 'fp16'}}, 'input': {'size': [224, 224]}, 'data': {'data_dir': './data', 'num_workers': 4, 'pin_memory': True}}
2025-05-12 16:36:42,438 - cocoop_training - INFO - Creating models...
2025-05-12 16:36:42,439 - root - INFO - Loaded ViT-B-32 model config.
2025-05-12 16:36:43,933 - root - INFO - Loading pretrained ViT-B-32 weights (laion2b_s34b_b79k).
2025-05-12 16:36:44,370 - root - INFO - Loaded ViT-B-32 model config.
2025-05-12 16:36:45,892 - root - INFO - Loading pretrained ViT-B-32 weights (laion2b_s34b_b79k).
2025-05-12 16:36:46,168 - cocoop_training - INFO - Loading datasets...
2025-05-12 16:36:46,169 - cocoop_training - INFO - Loading Flowers102 dataset from ./data
2025-05-12 16:36:46,195 - cocoop_training - INFO - Dataset loaded: 1020 train, 1020 val, 6149 test
2025-05-12 16:36:46,199 - cocoop_training - INFO - Creating dataloaders...
2025-05-12 16:36:46,200 - cocoop_training - INFO - Created dataloaders with batch size 32
2025-05-12 16:36:46,201 - cocoop_training - INFO - Setting up optimizer and scheduler...
2025-05-12 16:36:46,202 - cocoop_training - INFO - Evaluating zero-shot performance of base model...
2025-05-12 16:40:17,130 - cocoop_training - INFO - Epoch 0 - Base Accuracy: 0.7469, Novel Accuracy: 0.7704, Harmonic Mean: 0.7585
2025-05-12 16:40:17,131 - cocoop_training - INFO - Zero-shot: Base Acc=0.7469, Novel Acc=0.7704, HM=0.7585
2025-05-12 16:40:17,132 - cocoop_training - INFO - Starting training...
2025-05-12 16:40:18,360 - cocoop_training - ERROR - Error during training: mat1 and mat2 must have the same dtype, but got Float and Half
2025-05-12 16:40:20,280 - cocoop_training - INFO - Saved checkpoint at ./checkpoints/checkpoint_epoch_1.pth
2025-05-12 16:40:20,280 - cocoop_training - ERROR - Error in main execution: mat1 and mat2 must have the same dtype, but got Float and Half
2025-05-12 16:40:20,281 - cocoop_training - INFO - Finishing wandb run...
2025-05-12 17:02:13,122 - root - INFO - Loaded ViT-B-32 model config.
2025-05-12 17:02:16,334 - root - INFO - Loading pretrained ViT-B-32 weights (laion2b_s34b_b79k).
2025-05-12 17:02:17,513 - root - INFO - Loaded ViT-B-32 model config.
2025-05-12 17:02:19,767 - root - INFO - Loading pretrained ViT-B-32 weights (laion2b_s34b_b79k).
2025-05-12 17:02:20,483 - cocoop_training - INFO - Loading Flowers102 dataset from ./data
2025-05-12 17:02:20,602 - cocoop_training - INFO - Dataset loaded: 1020 train, 1020 val, 6149 test
2025-05-12 17:02:20,604 - cocoop_training - INFO - Using cuda device
2025-05-12 17:02:20,605 - root - INFO - Loaded ViT-B-32 model config.
2025-05-12 17:02:22,811 - root - INFO - Loading pretrained ViT-B-32 weights (laion2b_s34b_b79k).
2025-05-12 17:02:23,189 - cocoop_training - INFO - Loading Flowers102 dataset from ./data
2025-05-12 17:02:23,225 - cocoop_training - INFO - Dataset loaded: 1020 train, 1020 val, 6149 test
2025-05-12 17:02:23,226 - cocoop_training - INFO - Running initial zero-shot evaluation...
2025-05-12 17:04:59,494 - cocoop_training - INFO - ==== Zero-shot Evaluation Results ====
2025-05-12 17:04:59,495 - cocoop_training - INFO - 🔍 Base classes accuracy: 74.69%
2025-05-12 17:04:59,496 - cocoop_training - INFO - 🔍 Novel classes accuracy: 77.04%
2025-05-12 17:04:59,496 - cocoop_training - INFO - 🔍 Harmonic Mean: 75.85%
2025-05-12 17:04:59,496 - cocoop_training - INFO - Starting CoCoOp training...
2025-05-12 17:04:59,496 - cocoop_training - INFO - ==== Starting CoCoOp Training ====
2025-05-12 17:04:59,497 - cocoop_training - INFO - Config: {'base_model': {'name': 'ViT-B-32', 'weights': 'laion2b_s34b_b79k'}, 'trainer': {'batch_size': 32, 'epochs': 3, 'lr': 0.002, 'weight_decay': 0.05, 'warmup_epochs': 1, 'patience': 5, 'checkpoint_dir': './checkpoints', 'cocoop': {'n_ctx': 16, 'ctx_init': '', 'prec': 'fp16'}}, 'input': {'size': [224, 224]}, 'data': {'data_dir': './data', 'num_workers': 4, 'pin_memory': True}}
2025-05-12 17:04:59,500 - cocoop_training - INFO - Creating models...
2025-05-12 17:04:59,501 - root - INFO - Loaded ViT-B-32 model config.
2025-05-12 17:05:01,771 - root - INFO - Loading pretrained ViT-B-32 weights (laion2b_s34b_b79k).
2025-05-12 17:05:02,319 - root - INFO - Loaded ViT-B-32 model config.
2025-05-12 17:05:04,702 - root - INFO - Loading pretrained ViT-B-32 weights (laion2b_s34b_b79k).
2025-05-12 17:05:05,117 - cocoop_training - INFO - Loading datasets...
2025-05-12 17:05:05,117 - cocoop_training - INFO - Loading Flowers102 dataset from ./data
2025-05-12 17:05:05,151 - cocoop_training - INFO - Dataset loaded: 1020 train, 1020 val, 6149 test
2025-05-12 17:05:05,159 - cocoop_training - INFO - Creating dataloaders...
2025-05-12 17:05:05,160 - cocoop_training - INFO - Created dataloaders with batch size 32
2025-05-12 17:05:05,160 - cocoop_training - INFO - Setting up optimizer and scheduler...
2025-05-12 17:05:05,162 - cocoop_training - INFO - Evaluating zero-shot performance of base model...
2025-05-12 17:08:49,834 - cocoop_training - INFO - Epoch 0 - Base Accuracy: 0.7469, Novel Accuracy: 0.7704, Harmonic Mean: 0.7585
2025-05-12 17:08:49,883 - cocoop_training - INFO - Zero-shot: Base Acc=0.7469, Novel Acc=0.7704, HM=0.7585
2025-05-12 17:08:49,896 - cocoop_training - INFO - Starting training...
2025-05-12 17:11:02,444 - cocoop_training - ERROR - Error during training: CUDA error: out of memory
CUDA kernel errors might be asynchronously reported at some other API call, so the stacktrace below might be incorrect.
For debugging consider passing CUDA_LAUNCH_BLOCKING=1
Compile with `TORCH_USE_CUDA_DSA` to enable device-side assertions.

2025-05-12 17:11:02,805 - cocoop_training - ERROR - Error in main execution: CUDA error: out of memory
CUDA kernel errors might be asynchronously reported at some other API call, so the stacktrace below might be incorrect.
For debugging consider passing CUDA_LAUNCH_BLOCKING=1
Compile with `TORCH_USE_CUDA_DSA` to enable device-side assertions.

2025-05-12 17:11:02,808 - cocoop_training - INFO - Finishing wandb run...
2025-05-12 17:12:01,262 - root - INFO - Loaded ViT-B-32 model config.
2025-05-12 17:12:03,405 - root - INFO - Loading pretrained ViT-B-32 weights (laion2b_s34b_b79k).
2025-05-12 17:12:04,655 - root - INFO - Loaded ViT-B-32 model config.
2025-05-12 17:12:05,866 - root - INFO - Loading pretrained ViT-B-32 weights (laion2b_s34b_b79k).
2025-05-12 17:12:06,146 - cocoop_training - INFO - Loading Flowers102 dataset from ./data
2025-05-12 17:12:06,175 - cocoop_training - INFO - Dataset loaded: 1020 train, 1020 val, 6149 test
2025-05-12 17:12:06,175 - cocoop_training - INFO - Using cuda device
2025-05-12 17:12:06,176 - root - INFO - Loaded ViT-B-32 model config.
2025-05-12 17:12:07,514 - root - INFO - Loading pretrained ViT-B-32 weights (laion2b_s34b_b79k).
2025-05-12 17:12:07,700 - cocoop_training - INFO - Loading Flowers102 dataset from ./data
2025-05-12 17:12:07,714 - cocoop_training - INFO - Dataset loaded: 1020 train, 1020 val, 6149 test
2025-05-12 17:12:07,715 - cocoop_training - INFO - Running initial zero-shot evaluation...
2025-05-12 17:14:33,689 - cocoop_training - INFO - ==== Zero-shot Evaluation Results ====
2025-05-12 17:14:33,690 - cocoop_training - INFO - 🔍 Base classes accuracy: 74.69%
2025-05-12 17:14:33,690 - cocoop_training - INFO - 🔍 Novel classes accuracy: 77.04%
2025-05-12 17:14:33,690 - cocoop_training - INFO - 🔍 Harmonic Mean: 75.85%
2025-05-12 17:14:33,690 - cocoop_training - INFO - Starting CoCoOp training...
2025-05-12 17:14:33,690 - cocoop_training - INFO - ==== Starting CoCoOp Training ====
2025-05-12 17:14:33,690 - cocoop_training - INFO - Config: {'base_model': {'name': 'ViT-B-32', 'weights': 'laion2b_s34b_b79k'}, 'trainer': {'batch_size': 8, 'epochs': 3, 'lr': 0.002, 'weight_decay': 0.05, 'warmup_epochs': 1, 'patience': 5, 'checkpoint_dir': './checkpoints', 'cocoop': {'n_ctx': 16, 'ctx_init': '', 'prec': 'fp16'}}, 'input': {'size': [224, 224]}, 'data': {'data_dir': './data', 'num_workers': 2, 'pin_memory': True}}
2025-05-12 17:14:33,692 - cocoop_training - INFO - Creating models...
2025-05-12 17:14:33,693 - root - INFO - Loaded ViT-B-32 model config.
2025-05-12 17:14:35,335 - root - INFO - Loading pretrained ViT-B-32 weights (laion2b_s34b_b79k).
2025-05-12 17:14:36,297 - root - INFO - Loaded ViT-B-32 model config.
2025-05-12 17:14:38,039 - root - INFO - Loading pretrained ViT-B-32 weights (laion2b_s34b_b79k).
2025-05-12 17:14:38,278 - cocoop_training - INFO - Loading datasets...
2025-05-12 17:14:38,278 - cocoop_training - INFO - Loading Flowers102 dataset from ./data
2025-05-12 17:14:38,299 - cocoop_training - INFO - Dataset loaded: 1020 train, 1020 val, 6149 test
2025-05-12 17:14:38,303 - cocoop_training - INFO - Creating dataloaders...
2025-05-12 17:14:38,304 - cocoop_training - INFO - Created dataloaders with batch size 8
2025-05-12 17:14:38,304 - cocoop_training - INFO - Setting up optimizer and scheduler...
2025-05-12 17:14:38,306 - cocoop_training - INFO - Evaluating zero-shot performance of base model...
2025-05-12 17:17:01,933 - cocoop_training - INFO - Epoch 0 - Base Accuracy: 0.7469, Novel Accuracy: 0.7704, Harmonic Mean: 0.7585
2025-05-12 17:17:01,935 - cocoop_training - INFO - Zero-shot: Base Acc=0.7469, Novel Acc=0.7704, HM=0.7585
2025-05-12 17:17:01,935 - cocoop_training - INFO - Starting training...
2025-05-12 17:17:02,208 - cocoop_training - ERROR - Error during training: Input type (torch.cuda.HalfTensor) and weight type (torch.cuda.FloatTensor) should be the same
2025-05-12 17:17:03,205 - cocoop_training - INFO - Saved checkpoint at ./checkpoints/checkpoint_epoch_1.pth
2025-05-12 17:17:03,205 - cocoop_training - ERROR - Error in main execution: Input type (torch.cuda.HalfTensor) and weight type (torch.cuda.FloatTensor) should be the same
2025-05-12 17:17:03,206 - cocoop_training - INFO - Finishing wandb run...
2025-05-12 17:18:01,684 - root - INFO - Loaded ViT-B-32 model config.
2025-05-12 17:18:03,466 - root - INFO - Loading pretrained ViT-B-32 weights (laion2b_s34b_b79k).
2025-05-12 17:18:03,706 - root - INFO - Loaded ViT-B-32 model config.
2025-05-12 17:18:05,167 - root - INFO - Loading pretrained ViT-B-32 weights (laion2b_s34b_b79k).
2025-05-12 17:18:05,451 - cocoop_training - INFO - Loading Flowers102 dataset from ./data
2025-05-12 17:18:05,476 - cocoop_training - INFO - Dataset loaded: 1020 train, 1020 val, 6149 test
2025-05-12 17:18:05,476 - cocoop_training - INFO - Using cuda device
2025-05-12 17:18:05,477 - root - INFO - Loaded ViT-B-32 model config.
2025-05-12 17:18:06,584 - root - INFO - Loading pretrained ViT-B-32 weights (laion2b_s34b_b79k).
2025-05-12 17:18:06,782 - cocoop_training - INFO - Loading Flowers102 dataset from ./data
2025-05-12 17:18:06,796 - cocoop_training - INFO - Dataset loaded: 1020 train, 1020 val, 6149 test
2025-05-12 17:18:06,797 - cocoop_training - INFO - Running initial zero-shot evaluation...
2025-05-12 17:21:34,638 - cocoop_training - INFO - ==== Zero-shot Evaluation Results ====
2025-05-12 17:21:34,638 - cocoop_training - INFO - 🔍 Base classes accuracy: 74.69%
2025-05-12 17:21:34,638 - cocoop_training - INFO - 🔍 Novel classes accuracy: 77.04%
2025-05-12 17:21:34,638 - cocoop_training - INFO - 🔍 Harmonic Mean: 75.85%
2025-05-12 17:21:34,638 - cocoop_training - INFO - Starting CoCoOp training...
2025-05-12 17:21:34,638 - cocoop_training - INFO - ==== Starting CoCoOp Training ====
2025-05-12 17:21:34,638 - cocoop_training - INFO - Config: {'base_model': {'name': 'ViT-B-32', 'weights': 'laion2b_s34b_b79k'}, 'trainer': {'batch_size': 8, 'epochs': 3, 'lr': 0.002, 'weight_decay': 0.05, 'warmup_epochs': 1, 'patience': 5, 'checkpoint_dir': './checkpoints', 'cocoop': {'n_ctx': 16, 'ctx_init': '', 'prec': 'fp16'}}, 'input': {'size': [224, 224]}, 'data': {'data_dir': './data', 'num_workers': 2, 'pin_memory': True}}
2025-05-12 17:21:34,640 - cocoop_training - INFO - Creating models...
2025-05-12 17:21:34,640 - root - INFO - Loaded ViT-B-32 model config.
2025-05-12 17:21:36,340 - root - INFO - Loading pretrained ViT-B-32 weights (laion2b_s34b_b79k).
2025-05-12 17:21:36,636 - root - INFO - Loaded ViT-B-32 model config.
2025-05-12 17:21:38,642 - root - INFO - Loading pretrained ViT-B-32 weights (laion2b_s34b_b79k).
2025-05-12 17:21:38,937 - cocoop_training - INFO - Loading datasets...
2025-05-12 17:21:38,937 - cocoop_training - INFO - Loading Flowers102 dataset from ./data
2025-05-12 17:21:38,965 - cocoop_training - INFO - Dataset loaded: 1020 train, 1020 val, 6149 test
2025-05-12 17:21:38,971 - cocoop_training - INFO - Creating dataloaders...
2025-05-12 17:21:38,972 - cocoop_training - INFO - Created dataloaders with batch size 8
2025-05-12 17:21:38,972 - cocoop_training - INFO - Setting up optimizer and scheduler...
2025-05-12 17:21:38,973 - cocoop_training - INFO - Evaluating zero-shot performance of base model...
2025-05-12 17:24:04,336 - cocoop_training - INFO - Epoch 0 - Base Accuracy: 0.7469, Novel Accuracy: 0.7704, Harmonic Mean: 0.7585
2025-05-12 17:24:04,336 - cocoop_training - INFO - Zero-shot: Base Acc=0.7469, Novel Acc=0.7704, HM=0.7585
2025-05-12 17:24:04,337 - cocoop_training - INFO - Starting training...
2025-05-12 17:25:12,308 - cocoop_training - ERROR - Error during training: CUDA out of memory. Tried to allocate 62.00 MiB. GPU 0 has a total capacity of 4.00 GiB of which 0 bytes is free. Including non-PyTorch memory, this process has 17179869184.00 GiB memory in use. Of the allocated memory 18.08 GiB is allocated by PyTorch, and 305.92 MiB is reserved by PyTorch but unallocated. If reserved but unallocated memory is large try setting PYTORCH_CUDA_ALLOC_CONF=expandable_segments:True to avoid fragmentation.  See documentation for Memory Management  (https://pytorch.org/docs/stable/notes/cuda.html#environment-variables)
2025-05-12 17:25:12,901 - cocoop_training - ERROR - Error in main execution: CUDA error: out of memory
CUDA kernel errors might be asynchronously reported at some other API call, so the stacktrace below might be incorrect.
For debugging consider passing CUDA_LAUNCH_BLOCKING=1
Compile with `TORCH_USE_CUDA_DSA` to enable device-side assertions.

2025-05-12 17:25:12,902 - cocoop_training - INFO - Finishing wandb run...
2025-05-12 17:31:34,087 - root - INFO - Loaded ViT-B-32 model config.
2025-05-12 17:31:36,005 - root - INFO - Loading pretrained ViT-B-32 weights (laion2b_s34b_b79k).
2025-05-12 17:31:36,557 - root - INFO - Loaded ViT-B-32 model config.
2025-05-12 17:31:37,664 - root - INFO - Loading pretrained ViT-B-32 weights (laion2b_s34b_b79k).
2025-05-12 17:31:37,918 - cocoop_training - INFO - Loading Flowers102 dataset from ./data
2025-05-12 17:31:37,942 - cocoop_training - INFO - Dataset loaded: 1020 train, 1020 val, 6149 test
2025-05-12 17:31:37,943 - cocoop_training - INFO - Using cuda device
2025-05-12 17:31:37,943 - root - INFO - Loaded ViT-B-32 model config.
2025-05-12 17:31:38,966 - root - INFO - Loading pretrained ViT-B-32 weights (laion2b_s34b_b79k).
2025-05-12 17:31:39,156 - cocoop_training - INFO - Loading Flowers102 dataset from ./data
2025-05-12 17:31:39,169 - cocoop_training - INFO - Dataset loaded: 1020 train, 1020 val, 6149 test
2025-05-12 17:31:39,170 - cocoop_training - INFO - Running initial zero-shot evaluation...
2025-05-12 17:34:18,350 - cocoop_training - INFO - ==== Zero-shot Evaluation Results ====
2025-05-12 17:34:18,350 - cocoop_training - INFO - 🔍 Base classes accuracy: 74.69%
2025-05-12 17:34:18,350 - cocoop_training - INFO - 🔍 Novel classes accuracy: 77.04%
2025-05-12 17:34:18,350 - cocoop_training - INFO - 🔍 Harmonic Mean: 75.85%
2025-05-12 17:34:18,350 - cocoop_training - INFO - Starting CoCoOp training...
2025-05-12 17:34:18,351 - cocoop_training - INFO - ==== Starting CoCoOp Training ====
2025-05-12 17:34:18,351 - cocoop_training - INFO - Config: {'base_model': {'name': 'ViT-B-32', 'weights': 'laion2b_s34b_b79k'}, 'trainer': {'batch_size': 4, 'epochs': 3, 'lr': 0.002, 'weight_decay': 0.05, 'warmup_epochs': 1, 'patience': 5, 'checkpoint_dir': './checkpoints', 'cocoop': {'n_ctx': 8, 'ctx_init': '', 'prec': 'fp16'}}, 'input': {'size': [224, 224]}, 'data': {'data_dir': './data', 'num_workers': 0, 'pin_memory': False}}
2025-05-12 17:34:18,352 - cocoop_training - INFO - Creating models...
2025-05-12 17:34:18,352 - root - INFO - Loaded ViT-B-32 model config.
2025-05-12 17:34:20,107 - root - INFO - Loading pretrained ViT-B-32 weights (laion2b_s34b_b79k).
2025-05-12 17:34:20,325 - root - INFO - Loaded ViT-B-32 model config.
2025-05-12 17:34:21,861 - root - INFO - Loading pretrained ViT-B-32 weights (laion2b_s34b_b79k).
2025-05-12 17:34:22,101 - cocoop_training - INFO - Loading datasets...
2025-05-12 17:34:22,101 - cocoop_training - INFO - Loading Flowers102 dataset from ./data
2025-05-12 17:34:22,122 - cocoop_training - INFO - Dataset loaded: 1020 train, 1020 val, 6149 test
2025-05-12 17:34:22,125 - cocoop_training - INFO - Creating dataloaders...
2025-05-12 17:34:22,126 - cocoop_training - INFO - Created dataloaders with batch size 4
2025-05-12 17:34:22,126 - cocoop_training - INFO - Setting up optimizer and scheduler...
2025-05-12 17:34:22,127 - cocoop_training - INFO - Evaluating zero-shot performance of base model...
2025-05-12 17:34:22,127 - cocoop_training - INFO - Evaluating model on epoch 0...
2025-05-12 18:48:48,802 - root - INFO - Loaded ViT-B-32 model config.
2025-05-12 18:48:50,668 - root - INFO - Loading pretrained ViT-B-32 weights (laion2b_s34b_b79k).
2025-05-12 18:48:51,873 - root - INFO - Loaded ViT-B-32 model config.
2025-05-12 18:48:53,072 - root - INFO - Loading pretrained ViT-B-32 weights (laion2b_s34b_b79k).
2025-05-12 18:48:53,363 - cocoop_training - INFO - Loading Flowers102 dataset from ./data
2025-05-12 18:48:53,390 - cocoop_training - INFO - Dataset loaded: 1020 train, 1020 val, 6149 test
2025-05-12 18:48:53,391 - cocoop_training - INFO - Using cuda device
2025-05-12 18:48:53,391 - root - INFO - Loaded ViT-B-32 model config.
2025-05-12 18:48:54,583 - root - INFO - Loading pretrained ViT-B-32 weights (laion2b_s34b_b79k).
2025-05-12 18:48:54,779 - cocoop_training - INFO - Loading Flowers102 dataset from ./data
2025-05-12 18:48:54,793 - cocoop_training - INFO - Dataset loaded: 1020 train, 1020 val, 6149 test
2025-05-12 18:48:54,794 - cocoop_training - INFO - Running initial zero-shot evaluation...
2025-05-12 18:51:21,105 - cocoop_training - INFO - ==== Zero-shot Evaluation Results ====
2025-05-12 18:51:21,105 - cocoop_training - INFO - 🔍 Base classes accuracy: 74.69%
2025-05-12 18:51:21,106 - cocoop_training - INFO - 🔍 Novel classes accuracy: 77.04%
2025-05-12 18:51:21,106 - cocoop_training - INFO - 🔍 Harmonic Mean: 75.85%
2025-05-12 18:51:21,106 - cocoop_training - INFO - Starting CoCoOp training...
2025-05-12 18:51:21,106 - cocoop_training - INFO - ==== Starting CoCoOp Training ====
2025-05-12 18:51:21,106 - cocoop_training - INFO - Config: {'base_model': {'name': 'ViT-B-32', 'weights': 'laion2b_s34b_b79k'}, 'trainer': {'batch_size': 4, 'epochs': 3, 'lr': 0.002, 'weight_decay': 0.05, 'warmup_epochs': 1, 'patience': 5, 'checkpoint_dir': './checkpoints', 'cocoop': {'n_ctx': 8, 'ctx_init': '', 'prec': 'fp16'}}, 'input': {'size': [224, 224]}, 'data': {'data_dir': './data', 'num_workers': 0, 'pin_memory': False}}
2025-05-12 18:51:21,109 - cocoop_training - INFO - Creating models...
2025-05-12 18:51:21,109 - root - INFO - Loaded ViT-B-32 model config.
2025-05-12 18:51:23,049 - root - INFO - Loading pretrained ViT-B-32 weights (laion2b_s34b_b79k).
2025-05-12 18:51:23,701 - root - INFO - Loaded ViT-B-32 model config.
2025-05-12 18:51:25,650 - root - INFO - Loading pretrained ViT-B-32 weights (laion2b_s34b_b79k).
2025-05-12 18:51:25,920 - cocoop_training - INFO - Loading datasets...
2025-05-12 18:51:25,920 - cocoop_training - INFO - Loading Flowers102 dataset from ./data
2025-05-12 18:51:25,944 - cocoop_training - INFO - Dataset loaded: 1020 train, 1020 val, 6149 test
2025-05-12 18:51:25,949 - cocoop_training - INFO - Creating dataloaders...
2025-05-12 18:51:25,949 - cocoop_training - INFO - Created dataloaders with batch size 4
2025-05-12 18:51:25,950 - cocoop_training - INFO - Setting up optimizer and scheduler...
2025-05-12 18:51:25,951 - cocoop_training - INFO - Evaluating zero-shot performance of base model...
2025-05-12 18:53:49,156 - cocoop_training - INFO - Epoch 0 - Base Accuracy: 0.7469, Novel Accuracy: 0.7704, Harmonic Mean: 0.7585
2025-05-12 18:53:49,157 - cocoop_training - INFO - Zero-shot: Base Acc=0.7469, Novel Acc=0.7704, HM=0.7585
2025-05-12 18:53:49,157 - cocoop_training - INFO - Starting training...
2025-05-12 19:26:48,397 - root - INFO - Loaded ViT-B-32 model config.
2025-05-12 19:26:51,942 - root - INFO - Loading pretrained ViT-B-32 weights (laion2b_s34b_b79k).
2025-05-12 19:26:55,380 - root - INFO - Loaded ViT-B-32 model config.
2025-05-12 19:26:57,200 - root - INFO - Loading pretrained ViT-B-32 weights (laion2b_s34b_b79k).
2025-05-12 19:26:57,538 - cocoop_training - INFO - Loading Flowers102 dataset from ./data
2025-05-12 19:26:57,592 - cocoop_training - INFO - Dataset loaded: 1020 train, 1020 val, 6149 test
2025-05-12 19:26:57,593 - cocoop_training - INFO - Using cuda device
2025-05-12 19:26:57,593 - root - INFO - Loaded ViT-B-32 model config.
2025-05-12 19:26:59,227 - root - INFO - Loading pretrained ViT-B-32 weights (laion2b_s34b_b79k).
2025-05-12 19:26:59,542 - cocoop_training - INFO - Loading Flowers102 dataset from ./data
2025-05-12 19:26:59,577 - cocoop_training - INFO - Dataset loaded: 1020 train, 1020 val, 6149 test
2025-05-12 19:26:59,579 - cocoop_training - INFO - Running initial zero-shot evaluation...
2025-05-12 19:29:28,790 - cocoop_training - INFO - ==== Zero-shot Evaluation Results ====
2025-05-12 19:29:28,790 - cocoop_training - INFO - 🔍 Base classes accuracy: 74.69%
2025-05-12 19:29:28,790 - cocoop_training - INFO - 🔍 Novel classes accuracy: 77.04%
2025-05-12 19:29:28,790 - cocoop_training - INFO - 🔍 Harmonic Mean: 75.85%
2025-05-12 19:29:28,790 - cocoop_training - INFO - Starting CoCoOp training...
2025-05-12 19:29:28,790 - cocoop_training - INFO - ==== Starting CoCoOp Training ====
2025-05-12 19:29:28,791 - cocoop_training - INFO - Config: {'base_model': {'name': 'ViT-B-32', 'weights': 'laion2b_s34b_b79k'}, 'trainer': {'batch_size': 4, 'epochs': 3, 'lr': 0.002, 'weight_decay': 0.05, 'warmup_epochs': 1, 'patience': 5, 'checkpoint_dir': './checkpoints', 'cocoop': {'n_ctx': 8, 'ctx_init': '', 'prec': 'fp16'}}, 'input': {'size': [224, 224]}, 'data': {'data_dir': './data', 'num_workers': 0, 'pin_memory': False}}
2025-05-12 19:29:28,792 - cocoop_training - INFO - Creating models...
2025-05-12 19:29:28,792 - root - INFO - Loaded ViT-B-32 model config.
2025-05-12 19:29:30,605 - root - INFO - Loading pretrained ViT-B-32 weights (laion2b_s34b_b79k).
2025-05-12 19:29:30,804 - root - INFO - Loaded ViT-B-32 model config.
2025-05-12 19:29:32,173 - root - INFO - Loading pretrained ViT-B-32 weights (laion2b_s34b_b79k).
2025-05-12 19:29:32,406 - cocoop_training - INFO - Loading datasets...
2025-05-12 19:29:32,406 - cocoop_training - INFO - Loading Flowers102 dataset from ./data
2025-05-12 19:29:32,426 - cocoop_training - INFO - Dataset loaded: 1020 train, 1020 val, 6149 test
2025-05-12 19:29:32,430 - cocoop_training - INFO - Creating dataloaders...
2025-05-12 19:29:32,431 - cocoop_training - INFO - Created dataloaders with batch size 4
2025-05-12 19:29:32,431 - cocoop_training - INFO - Setting up optimizer and scheduler...
2025-05-12 19:29:32,432 - cocoop_training - INFO - Evaluating zero-shot performance of base model...
2025-05-12 19:31:53,383 - cocoop_training - INFO - Epoch 0 - Base Accuracy: 0.7469, Novel Accuracy: 0.7704, Harmonic Mean: 0.7585
2025-05-12 19:31:53,386 - cocoop_training - INFO - Zero-shot: Base Acc=0.7469, Novel Acc=0.7704, HM=0.7585
2025-05-12 19:31:53,387 - cocoop_training - INFO - Starting training...
