2025-05-23 17:31:23,861 - cocoop_training - INFO - Using cuda device
2025-05-23 17:31:23,862 - root - INFO - Loaded ViT-B-32 model config.
2025-05-23 17:31:26,171 - root - INFO - Loading pretrained ViT-B-32 weights (laion2b_s34b_b79k).
2025-05-23 17:31:26,378 - root - INFO - Loaded ViT-B-32 model config.
2025-05-23 17:31:31,089 - root - INFO - Loading pretrained ViT-B-32 weights (laion2b_s34b_b79k).
2025-05-23 17:31:31,276 - cocoop_training - INFO - Initialized PromptSRC ensemble with window_size=5, sigma=2.0
2025-05-23 17:31:31,381 - cocoop_training - INFO - Loading Flowers102 dataset from ./data
2025-05-23 17:31:31,424 - cocoop_training - INFO - Dataset loaded: 1020 train, 1020 val, 6149 test
2025-05-23 17:31:31,424 - cocoop_training - INFO - Using cuda device
2025-05-23 17:31:31,424 - root - INFO - Loaded ViT-B-32 model config.
2025-05-23 17:31:32,472 - root - INFO - Loading pretrained ViT-B-32 weights (laion2b_s34b_b79k).
2025-05-23 17:31:32,660 - cocoop_training - INFO - Loading Flowers102 dataset from ./data
2025-05-23 17:31:32,686 - cocoop_training - INFO - Dataset loaded: 1020 train, 1020 val, 6149 test
2025-05-23 17:31:32,686 - cocoop_training - INFO - Running initial zero-shot evaluation...
2025-05-23 17:34:21,805 - cocoop_training - INFO - ==== Zero-shot Evaluation Results ====
2025-05-23 17:34:21,805 - cocoop_training - INFO - 🔍 Base classes accuracy: 74.69%
2025-05-23 17:34:21,805 - cocoop_training - INFO - 🔍 Novel classes accuracy: 77.04%
2025-05-23 17:34:21,805 - cocoop_training - INFO - 🔍 Harmonic Mean: 75.85%
2025-05-23 17:34:21,805 - cocoop_training - INFO - Starting training...
2025-05-23 17:34:21,805 - cocoop_training - INFO - ==== Starting CoCoOp Training with PromptSRC and HELIP ====
2025-05-23 17:34:21,805 - cocoop_training - INFO - Config: {'COCOOP': {'base_model': {'name': 'ViT-B-32', 'weights': 'laion2b_s34b_b79k'}, 'prompt_learner': {'n_ctx': 8, 'ctx_init': '', 'prec': 'fp16'}, 'text_encoder': {}}, 'wandb': True, 'training': {'resume_id': None, 'resume_from': 'best', 'batch_size': 4, 'epochs': 3, 'warmup_epochs': 1, 'patience': 5, 'checkpoint_dir': './checkpoints', 'optimizer': {'lr': 0.002, 'weight_decay': 0.05}, 'scheduler': {'warmup_epochs': 1}}, 'input': {'size': [224, 224]}, 'data': {'data_dir': './data', 'num_workers': 0, 'pin_memory': False}, 'validation': {'ema': {'enabled': True, 'decay': 0.999}}, 'helip': {'enabled': True, 'k': 5, 'p': 20, 'alpha': 0.05, 'lambda_hnml': 0.5, 'mining_freq': 5, 'cache_embeddings': True}, 'promptsrc': {'enabled': True, 'mutual_agreement': {'lambda_ma': 0.5, 'temperature': 0.07, 'schedule': True}, 'prompt_ensemble': {'enabled': True, 'window_size': 5, 'sigma': 2.0}, 'textual_diversity': {'lambda_td': 0.3, 'temperature': 0.07, 'schedule': True}}}
2025-05-23 17:34:21,807 - cocoop_training - INFO - Creating models...
2025-05-23 17:34:21,807 - root - INFO - Loaded ViT-B-32 model config.
2025-05-23 17:34:23,552 - root - INFO - Loading pretrained ViT-B-32 weights (laion2b_s34b_b79k).
2025-05-23 17:34:23,820 - root - INFO - Loaded ViT-B-32 model config.
2025-05-23 17:34:25,381 - root - INFO - Loading pretrained ViT-B-32 weights (laion2b_s34b_b79k).
2025-05-23 17:34:25,576 - cocoop_training - INFO - Initialized PromptSRC ensemble with window_size=5, sigma=2.0
2025-05-23 17:34:25,637 - cocoop_training - INFO - Created EMA model with decay 0.999
2025-05-23 17:34:25,640 - cocoop_training - INFO - Base model loaded for PromptSRC mutual agreement
2025-05-23 17:34:25,640 - root - INFO - Loaded ViT-B-32 model config.
2025-05-23 17:34:31,067 - root - INFO - Loading pretrained ViT-B-32 weights (laion2b_s34b_b79k).
2025-05-23 17:34:31,300 - cocoop_training - INFO - Initialized PromptSRC ensemble with window_size=5, sigma=2.0
2025-05-23 17:34:31,333 - cocoop_training - INFO - Loading datasets...
2025-05-23 17:34:31,333 - cocoop_training - INFO - Loading Flowers102 dataset from ./data
2025-05-23 17:34:31,360 - cocoop_training - INFO - Dataset loaded: 1020 train, 1020 val, 6149 test
2025-05-23 17:34:31,365 - cocoop_training - INFO - Creating dataloaders...
2025-05-23 17:34:31,366 - cocoop_training - INFO - Created dataloaders with batch size 4
2025-05-23 17:34:31,366 - cocoop_training - INFO - Setting up optimizer and scheduler...
2025-05-23 17:34:31,366 - cocoop_training - ERROR - Error in main execution: 'weight_decay'
2025-05-23 17:34:31,366 - cocoop_training - INFO - Finishing wandb run...
